2023-07-03 17:52:57 INFO com.base.Pyroframe.ListenersonStart:26 - *********************TESTSCRIPT EXECUTION IS STARTED******************
  2023-07-03 17:53:13 INFO com.base.Pyroframe.ListenersonTestStart:32 - **********************loginEXECUTION IS STARTED ******************
  2023-07-03 17:53:14 INFO com.pages.Orange_hrm_loginusername:19 - Username is successfully entered
  2023-07-03 17:53:15 INFO com.pages.Orange_hrm_loginpassword:24 - Password is successfully entered
  2023-07-03 17:53:15 INFO com.pages.Orange_hrm_loginsubmit:28 - Submit button is successfully clicked
  2023-07-03 17:53:17 INFO com.pages.Orange_hrm_loginrecuirment:33 - Recruitment button is successfully clicked
  2023-07-03 17:53:18 INFO com.pages.Orange_hrm_loginselectjob:37 - Job dropdown arrow is successfully clicked
  2023-07-03 17:53:19 INFO com.pages.Orange_hrm_loginselectjob:39 - Job  is successfully selected
  2023-07-03 17:53:19 INFO com.pages.Orange_hrm_loginselectvacancy:43 - vacancy dropdown   is successfully clicked
  2023-07-03 17:53:29 INFO com.base.Pyroframe.ListenersonTestFailure:44 - **********************loginHAS BEEN FAILED ******************
  2023-07-03 17:53:30 INFO com.base.Pyroframe.ListenersonFinish:55 - *********************TESTSCRIPT EXECUTION IS FINISHED******************
  2023-07-03 17:53:30 INFO com.base.Pyroframe.ListenersonStart:26 - *********************TESTSCRIPT EXECUTION IS STARTED******************
  2023-07-03 17:53:45 INFO com.base.Pyroframe.ListenersonTestStart:32 - **********************loginEXECUTION IS STARTED ******************
  2023-07-03 17:53:46 INFO com.pages.Orange_hrm_loginusername:19 - Username is successfully entered
  2023-07-03 17:53:46 INFO com.pages.Orange_hrm_loginpassword:24 - Password is successfully entered
  2023-07-03 17:53:46 INFO com.pages.Orange_hrm_loginsubmit:28 - Submit button is successfully clicked
  2023-07-03 17:53:50 INFO com.pages.Orange_hrm_loginrecuirment:33 - Recruitment button is successfully clicked
  2023-07-03 17:53:50 INFO com.pages.Orange_hrm_loginselectjob:37 - Job dropdown arrow is successfully clicked
  2023-07-03 17:53:51 INFO com.pages.Orange_hrm_loginselectjob:39 - Job  is successfully selected
  2023-07-03 17:53:51 INFO com.pages.Orange_hrm_loginselectvacancy:43 - vacancy dropdown   is successfully clicked
  2023-07-03 17:54:01 INFO com.base.Pyroframe.ListenersonTestFailure:44 - **********************loginHAS BEEN FAILED ******************
  2023-07-03 17:54:02 INFO com.base.Pyroframe.ListenersonFinish:55 - *********************TESTSCRIPT EXECUTION IS FINISHED******************
  