2023-07-04 15:38:15 INFO com.base.Pyroframe.ListenersonStart:26 - *********************TESTSCRIPT EXECUTION IS STARTED******************
  2023-07-04 15:38:23 INFO com.base.Pyroframe.ListenersonTestStart:32 - **********************login EXECUTION IS STARTED ******************
  2023-07-04 15:38:24 INFO com.pages.Orange_hrm_loginusername:19 - Username is successfully entered
  2023-07-04 15:38:25 INFO com.pages.Orange_hrm_loginpassword:24 - Password is successfully entered
  2023-07-04 15:38:25 INFO com.pages.Orange_hrm_loginsubmit:28 - Submit button is successfully clicked
  2023-07-04 15:38:28 INFO com.pages.Orange_hrm_loginrecuirment:33 - Recruitment button is successfully clicked
  2023-07-04 15:38:29 INFO com.pages.Orange_hrm_loginselectjob:37 - Job dropdown arrow is successfully clicked
  2023-07-04 15:38:29 INFO com.pages.Orange_hrm_loginselectjob:39 - Job  is successfully selected
  2023-07-04 15:38:29 INFO com.pages.Orange_hrm_loginselectvacancy:43 - vacancy dropdown   is successfully clicked
  2023-07-04 15:38:39 INFO com.base.Pyroframe.ListenersonTestFailure:44 - **********************login HAS BEEN FAILED ******************
  2023-07-04 15:38:40 INFO com.base.Pyroframe.ListenersonFinish:55 - *********************TESTSCRIPT EXECUTION IS FINISHED******************
  2023-07-04 15:38:40 INFO com.base.Pyroframe.ListenersonStart:26 - *********************TESTSCRIPT EXECUTION IS STARTED******************
  2023-07-04 15:38:46 INFO com.base.Pyroframe.ListenersonTestStart:32 - **********************login EXECUTION IS STARTED ******************
  2023-07-04 15:38:47 INFO com.pages.Orange_hrm_loginusername:19 - Username is successfully entered
  2023-07-04 15:38:48 INFO com.pages.Orange_hrm_loginpassword:24 - Password is successfully entered
  2023-07-04 15:38:48 INFO com.pages.Orange_hrm_loginsubmit:28 - Submit button is successfully clicked
  2023-07-04 15:38:51 INFO com.pages.Orange_hrm_loginrecuirment:33 - Recruitment button is successfully clicked
  2023-07-04 15:38:52 INFO com.pages.Orange_hrm_loginselectjob:37 - Job dropdown arrow is successfully clicked
  2023-07-04 15:38:53 INFO com.pages.Orange_hrm_loginselectjob:39 - Job  is successfully selected
  2023-07-04 15:38:53 INFO com.pages.Orange_hrm_loginselectvacancy:43 - vacancy dropdown   is successfully clicked
  2023-07-04 15:39:03 INFO com.base.Pyroframe.ListenersonTestFailure:44 - **********************login HAS BEEN FAILED ******************
  2023-07-04 15:39:04 INFO com.base.Pyroframe.ListenersonFinish:55 - *********************TESTSCRIPT EXECUTION IS FINISHED******************
  