2023-08-11 15:31:11 INFO com.base.Pyroframe.ListenersonStart:26 - *********************TESTSCRIPT EXECUTION IS STARTED******************
  2023-08-11 15:31:25 INFO com.base.Pyroframe.ListenersonTestStart:32 - **********************login EXECUTION IS STARTED ******************
  2023-08-11 15:31:27 INFO com.pages.Orange_hrm_loginusername:16 - Username is successfully entered
  2023-08-11 15:31:27 INFO com.pages.Orange_hrm_loginpassword:21 - Password is successfully entered
  2023-08-11 15:31:27 INFO com.pages.Orange_hrm_loginsubmit:25 - Submit button is successfully clicked
  2023-08-11 15:31:31 INFO com.pages.Orange_hrm_loginrecuirment:30 - Recruitment button is successfully clicked
  2023-08-11 15:31:32 INFO com.pages.Orange_hrm_loginselectjob:34 - Job dropdown arrow is successfully clicked
  2023-08-11 15:31:32 INFO com.pages.Orange_hrm_loginselectjob:36 - Job  is successfully selected
  2023-08-11 15:31:32 INFO com.pages.Orange_hrm_loginselectvacancy:40 - vacancy dropdown   is successfully clicked
  2023-08-11 15:31:42 INFO com.base.Pyroframe.ListenersonTestFailure:44 - **********************login HAS BEEN FAILED ******************
  2023-08-11 15:31:43 INFO com.base.Pyroframe.ListenersonFinish:55 - *********************TESTSCRIPT EXECUTION IS FINISHED******************
  2023-08-11 15:31:43 INFO com.base.Pyroframe.ListenersonStart:26 - *********************TESTSCRIPT EXECUTION IS STARTED******************
  2023-08-11 15:31:52 INFO com.base.Pyroframe.ListenersonTestStart:32 - **********************login EXECUTION IS STARTED ******************
  2023-08-11 15:31:53 INFO com.pages.Orange_hrm_loginusername:16 - Username is successfully entered
  2023-08-11 15:31:54 INFO com.pages.Orange_hrm_loginpassword:21 - Password is successfully entered
  2023-08-11 15:31:55 INFO com.pages.Orange_hrm_loginsubmit:25 - Submit button is successfully clicked
  2023-08-11 15:31:57 INFO com.pages.Orange_hrm_loginrecuirment:30 - Recruitment button is successfully clicked
  2023-08-11 15:31:57 INFO com.pages.Orange_hrm_loginselectjob:34 - Job dropdown arrow is successfully clicked
  2023-08-11 15:31:58 INFO com.pages.Orange_hrm_loginselectjob:36 - Job  is successfully selected
  2023-08-11 15:31:58 INFO com.pages.Orange_hrm_loginselectvacancy:40 - vacancy dropdown   is successfully clicked
  2023-08-11 15:32:08 INFO com.base.Pyroframe.ListenersonTestFailure:44 - **********************login HAS BEEN FAILED ******************
  2023-08-11 15:32:09 INFO com.base.Pyroframe.ListenersonFinish:55 - *********************TESTSCRIPT EXECUTION IS FINISHED******************
  