2023-07-04 16:37:27 INFO com.base.Pyroframe.ListenersonStart:26 - *********************TESTSCRIPT EXECUTION IS STARTED******************
  2023-07-04 16:37:34 INFO com.base.Pyroframe.ListenersonTestStart:32 - **********************login EXECUTION IS STARTED ******************
  2023-07-04 16:37:35 INFO com.pages.Orange_hrm_loginusername:19 - Username is successfully entered
  2023-07-04 16:37:36 INFO com.pages.Orange_hrm_loginpassword:24 - Password is successfully entered
  2023-07-04 16:37:37 INFO com.pages.Orange_hrm_loginsubmit:28 - Submit button is successfully clicked
  2023-07-04 16:37:39 INFO com.pages.Orange_hrm_loginrecuirment:33 - Recruitment button is successfully clicked
  2023-07-04 16:37:40 INFO com.pages.Orange_hrm_loginselectjob:37 - Job dropdown arrow is successfully clicked
  2023-07-04 16:37:40 INFO com.pages.Orange_hrm_loginselectjob:39 - Job  is successfully selected
  2023-07-04 16:37:40 INFO com.pages.Orange_hrm_loginselectvacancy:43 - vacancy dropdown   is successfully clicked
  2023-07-04 16:37:50 INFO com.base.Pyroframe.ListenersonTestFailure:44 - **********************login HAS BEEN FAILED ******************
  2023-07-04 16:37:51 INFO com.base.Pyroframe.ListenersonFinish:55 - *********************TESTSCRIPT EXECUTION IS FINISHED******************
  2023-07-04 16:37:51 INFO com.base.Pyroframe.ListenersonStart:26 - *********************TESTSCRIPT EXECUTION IS STARTED******************
  2023-07-04 16:37:56 INFO com.base.Pyroframe.ListenersonTestStart:32 - **********************login EXECUTION IS STARTED ******************
  2023-07-04 16:37:57 INFO com.pages.Orange_hrm_loginusername:19 - Username is successfully entered
  2023-07-04 16:37:58 INFO com.pages.Orange_hrm_loginpassword:24 - Password is successfully entered
  2023-07-04 16:37:58 INFO com.pages.Orange_hrm_loginsubmit:28 - Submit button is successfully clicked
  2023-07-04 16:38:01 INFO com.pages.Orange_hrm_loginrecuirment:33 - Recruitment button is successfully clicked
  2023-07-04 16:38:02 INFO com.pages.Orange_hrm_loginselectjob:37 - Job dropdown arrow is successfully clicked
  2023-07-04 16:38:02 INFO com.pages.Orange_hrm_loginselectjob:39 - Job  is successfully selected
  2023-07-04 16:38:03 INFO com.pages.Orange_hrm_loginselectvacancy:43 - vacancy dropdown   is successfully clicked
  2023-07-04 16:38:13 INFO com.base.Pyroframe.ListenersonTestFailure:44 - **********************login HAS BEEN FAILED ******************
  2023-07-04 16:38:14 INFO com.base.Pyroframe.ListenersonFinish:55 - *********************TESTSCRIPT EXECUTION IS FINISHED******************
  